<?xml version="1.0" encoding="UTF-8"?>
<testsuite xmlns:xsi="http://www.w3.org/2001/XMLSchema-instance" xsi:noNamespaceSchemaLocation="https://maven.apache.org/surefire/maven-surefire-plugin/xsd/surefire-test-report-3.0.xsd" version="3.0" name="com.driveshare.ReservationService.ReservationServiceApplicationTests" time="10.453" tests="1" errors="0" skipped="0" failures="0">
  <properties>
[...]
</properties>
  <testcase name="contextLoads" classname="com.driveshare.ReservationService.ReservationServiceApplicationTests" time="0.366">
    <system-out><![CDATA[04:27:08.217 [main] INFO org.springframework.test.context.support.AnnotationConfigContextLoaderUtils -- Could not detect default configuration classes for test class [com.driveshare.ReservationService.ReservationServiceApplicationTests]: ReservationServiceApplicationTests does not declare any static, non-private, non-final, nested classes annotated with @Configuration.
04:27:08.304 [main] INFO org.springframework.boot.test.context.SpringBootTestContextBootstrapper -- Found @SpringBootConfiguration com.driveshare.ReservationService.ReservationServiceApplication for test class com.driveshare.ReservationService.ReservationServiceApplicationTests

  .   ____          _            __ _ _
 /\\ / ___'_ __ _ _(_)_ __  __ _ \ \ \ \
( ( )\___ | '_ | '_| | '_ \/ _` | \ \ \ \
 \\/  ___)| |_)| | | | | || (_| |  ) ) ) )
  '  |____| .__|_| |_|_| |_\__, | / / / /
 =========|_|==============|___/=/_/_/_/

 :: Spring Boot ::                (v3.3.1)

2024-06-27T04:27:09.821-05:00  INFO 41232 --- [reservation-service] [           main] c.d.R.ReservationServiceApplicationTests : Starting ReservationServiceApplicationTests using Java 21.0.2 with PID 41232 (started by rodri in D:\Github\DriveShare-Backend\ReservationService)
2024-06-27T04:27:09.823-05:00  INFO 41232 --- [reservation-service] [           main] c.d.R.ReservationServiceApplicationTests : No active profile set, falling back to 1 default profile: "default"
2024-06-27T04:27:09.847-05:00  INFO 41232 --- [reservation-service] [           main] o.s.c.c.c.ConfigServerConfigDataLoader   : Fetching config from server at : https://driveshare-backend-aeio.onrender.com
2024-06-27T04:27:09.847-05:00  INFO 41232 --- [reservation-service] [           main] o.s.c.c.c.ConfigServerConfigDataLoader   : Located environment: name=reservation-service, profiles=[default], label=null, version=null, state=null
2024-06-27T04:27:10.412-05:00  INFO 41232 --- [reservation-service] [           main] .s.d.r.c.RepositoryConfigurationDelegate : Bootstrapping Spring Data JPA repositories in DEFAULT mode.
2024-06-27T04:27:10.536-05:00  INFO 41232 --- [reservation-service] [           main] .s.d.r.c.RepositoryConfigurationDelegate : Finished Spring Data repository scanning in 117 ms. Found 1 JPA repository interface.
2024-06-27T04:27:10.738-05:00  INFO 41232 --- [reservation-service] [           main] o.s.cloud.context.scope.GenericScope     : BeanFactory id=8c37ba66-f7b4-3eff-ab80-d7a5625b9e27
2024-06-27T04:27:10.872-05:00  WARN 41232 --- [reservation-service] [           main] trationDelegate$BeanPostProcessorChecker : Bean 'org.springframework.cloud.client.loadbalancer.LoadBalancerAutoConfiguration$DeferringLoadBalancerInterceptorConfig' of type [org.springframework.cloud.client.loadbalancer.LoadBalancerAutoConfiguration$DeferringLoadBalancerInterceptorConfig] is not eligible for getting processed by all BeanPostProcessors (for example: not eligible for auto-proxying). The currently created BeanPostProcessor [lbRestClientPostProcessor] is declared through a non-static factory method on that class; consider declaring it as static instead.
2024-06-27T04:27:10.874-05:00  WARN 41232 --- [reservation-service] [           main] trationDelegate$BeanPostProcessorChecker : Bean 'deferringLoadBalancerInterceptor' of type [org.springframework.cloud.client.loadbalancer.DeferringLoadBalancerInterceptor] is not eligible for getting processed by all BeanPostProcessors (for example: not eligible for auto-proxying). Is this bean getting eagerly injected into a currently created BeanPostProcessor [lbRestClientPostProcessor]? Check the corresponding BeanPostProcessor declaration and its dependencies.
2024-06-27T04:27:10.877-05:00  WARN 41232 --- [reservation-service] [           main] trationDelegate$BeanPostProcessorChecker : Bean 'org.springframework.cloud.client.loadbalancer.reactive.LoadBalancerBeanPostProcessorAutoConfiguration' of type [org.springframework.cloud.client.loadbalancer.reactive.LoadBalancerBeanPostProcessorAutoConfiguration] is not eligible for getting processed by all BeanPostProcessors (for example: not eligible for auto-proxying). The currently created BeanPostProcessor [loadBalancerWebClientBuilderBeanPostProcessor] is declared through a non-static factory method on that class; consider declaring it as static instead.
2024-06-27T04:27:10.879-05:00  WARN 41232 --- [reservation-service] [           main] trationDelegate$BeanPostProcessorChecker : Bean 'org.springframework.cloud.client.loadbalancer.reactive.LoadBalancerBeanPostProcessorAutoConfiguration$ReactorDeferringLoadBalancerFilterConfig' of type [org.springframework.cloud.client.loadbalancer.reactive.LoadBalancerBeanPostProcessorAutoConfiguration$ReactorDeferringLoadBalancerFilterConfig] is not eligible for getting processed by all BeanPostProcessors (for example: not eligible for auto-proxying). Is this bean getting eagerly injected into a currently created BeanPostProcessor [loadBalancerWebClientBuilderBeanPostProcessor]? Check the corresponding BeanPostProcessor declaration and its dependencies.
2024-06-27T04:27:10.880-05:00  WARN 41232 --- [reservation-service] [           main] trationDelegate$BeanPostProcessorChecker : Bean 'reactorDeferringLoadBalancerExchangeFilterFunction' of type [org.springframework.cloud.client.loadbalancer.reactive.DeferringLoadBalancerExchangeFilterFunction] is not eligible for getting processed by all BeanPostProcessors (for example: not eligible for auto-proxying). Is this bean getting eagerly injected into a currently created BeanPostProcessor [loadBalancerWebClientBuilderBeanPostProcessor]? Check the corresponding BeanPostProcessor declaration and its dependencies.
2024-06-27T04:27:11.020-05:00  INFO 41232 --- [reservation-service] [           main] o.hibernate.jpa.internal.util.LogHelper  : HHH000204: Processing PersistenceUnitInfo [name: default]
2024-06-27T04:27:11.082-05:00  INFO 41232 --- [reservation-service] [           main] org.hibernate.Version                    : HHH000412: Hibernate ORM core version 6.5.2.Final
2024-06-27T04:27:11.112-05:00  INFO 41232 --- [reservation-service] [           main] o.h.c.internal.RegionFactoryInitiator    : HHH000026: Second-level cache disabled
2024-06-27T04:27:11.411-05:00  INFO 41232 --- [reservation-service] [           main] o.s.o.j.p.SpringPersistenceUnitInfo      : No LoadTimeWeaver setup: ignoring JPA class transformer
2024-06-27T04:27:11.439-05:00  INFO 41232 --- [reservation-service] [           main] com.zaxxer.hikari.HikariDataSource       : HikariPool-1 - Starting...
2024-06-27T04:27:12.167-05:00  INFO 41232 --- [reservation-service] [           main] com.zaxxer.hikari.pool.HikariPool        : HikariPool-1 - Added connection com.mysql.cj.jdbc.ConnectionImpl@2ae08750
2024-06-27T04:27:12.168-05:00  INFO 41232 --- [reservation-service] [           main] com.zaxxer.hikari.HikariDataSource       : HikariPool-1 - Start completed.
2024-06-27T04:27:12.903-05:00  INFO 41232 --- [reservation-service] [           main] o.h.e.t.j.p.i.JtaPlatformInitiator       : HHH000489: No JTA platform available (set 'hibernate.transaction.jta.platform' to enable JTA platform integration)
2024-06-27T04:27:16.501-05:00  INFO 41232 --- [reservation-service] [           main] j.LocalContainerEntityManagerFactoryBean : Initialized JPA EntityManagerFactory for persistence unit 'default'
2024-06-27T04:27:17.144-05:00  WARN 41232 --- [reservation-service] [           main] JpaBaseConfiguration$JpaWebConfiguration : spring.jpa.open-in-view is enabled by default. Therefore, database queries may be performed during view rendering. Explicitly configure spring.jpa.open-in-view to disable this warning
2024-06-27T04:27:17.667-05:00  INFO 41232 --- [reservation-service] [           main] DiscoveryClientOptionalArgsConfiguration : Eureka HTTP Client uses RestTemplate.
2024-06-27T04:27:17.704-05:00  WARN 41232 --- [reservation-service] [           main] iguration$LoadBalancerCaffeineWarnLogger : Spring Cloud LoadBalancer is currently working with the default cache. While this cache implementation is useful for development and tests, it's recommended to use Caffeine cache in production.You can switch to using Caffeine cache, by adding it and org.springframework.cache.caffeine.CaffeineCacheManager to the classpath.
2024-06-27T04:27:17.759-05:00  INFO 41232 --- [reservation-service] [           main] o.s.c.n.eureka.InstanceInfoFactory       : Setting initial instance status as: STARTING
2024-06-27T04:27:17.838-05:00  INFO 41232 --- [reservation-service] [           main] com.netflix.discovery.DiscoveryClient    : Initializing Eureka in region us-east-1
2024-06-27T04:27:17.842-05:00  INFO 41232 --- [reservation-service] [           main] c.n.d.s.r.aws.ConfigClusterResolver      : Resolving eureka endpoints via configuration
2024-06-27T04:27:17.859-05:00  INFO 41232 --- [reservation-service] [           main] com.netflix.discovery.DiscoveryClient    : Disable delta property : false
2024-06-27T04:27:17.860-05:00  INFO 41232 --- [reservation-service] [           main] com.netflix.discovery.DiscoveryClient    : Single vip registry refresh property : null
2024-06-27T04:27:17.860-05:00  INFO 41232 --- [reservation-service] [           main] com.netflix.discovery.DiscoveryClient    : Force full registry fetch : false
2024-06-27T04:27:17.860-05:00  INFO 41232 --- [reservation-service] [           main] com.netflix.discovery.DiscoveryClient    : Application is null : false
2024-06-27T04:27:17.860-05:00  INFO 41232 --- [reservation-service] [           main] com.netflix.discovery.DiscoveryClient    : Registered Applications size is zero : true
2024-06-27T04:27:17.860-05:00  INFO 41232 --- [reservation-service] [           main] com.netflix.discovery.DiscoveryClient    : Application version is -1: true
2024-06-27T04:27:17.860-05:00  INFO 41232 --- [reservation-service] [           main] com.netflix.discovery.DiscoveryClient    : Getting all instance registry info from the eureka server
2024-06-27T04:27:18.133-05:00  INFO 41232 --- [reservation-service] [           main] com.netflix.discovery.DiscoveryClient    : The response status is 200
2024-06-27T04:27:18.135-05:00  INFO 41232 --- [reservation-service] [           main] com.netflix.discovery.DiscoveryClient    : Starting heartbeat executor: renew interval is: 30
2024-06-27T04:27:18.136-05:00  INFO 41232 --- [reservation-service] [           main] c.n.discovery.InstanceInfoReplicator     : InstanceInfoReplicator onDemand update allowed rate per min is 4
2024-06-27T04:27:18.139-05:00  INFO 41232 --- [reservation-service] [           main] com.netflix.discovery.DiscoveryClient    : Discovery Client initialized at timestamp 1719480438139 with initial instances count: 2
2024-06-27T04:27:18.141-05:00  INFO 41232 --- [reservation-service] [           main] o.s.c.n.e.s.EurekaServiceRegistry        : Registering application RESERVATION-SERVICE with eureka with status UP
2024-06-27T04:27:18.141-05:00  INFO 41232 --- [reservation-service] [           main] com.netflix.discovery.DiscoveryClient    : Saw local status change event StatusChangeEvent [timestamp=1719480438141, current=UP, previous=STARTING]
2024-06-27T04:27:18.142-05:00  INFO 41232 --- [reservation-service] [nfoReplicator-0] com.netflix.discovery.DiscoveryClient    : DiscoveryClient_RESERVATION-SERVICE/Rodrigo-PC.attlocal.net:reservation-service:8090: registering service...
2024-06-27T04:27:18.149-05:00  INFO 41232 --- [reservation-service] [           main] c.d.R.ReservationServiceApplicationTests : Started ReservationServiceApplicationTests in 9.729 seconds (process running for 10.56)
2024-06-27T04:27:18.297-05:00  INFO 41232 --- [reservation-service] [nfoReplicator-0] com.netflix.discovery.DiscoveryClient    : DiscoveryClient_RESERVATION-SERVICE/Rodrigo-PC.attlocal.net:reservation-service:8090 - registration status: 204
]]></system-out>
    <system-err><![CDATA[WARNING: A Java agent has been loaded dynamically (C:\Users\rodri\.m2\repository\net\bytebuddy\byte-buddy-agent\1.14.17\byte-buddy-agent-1.14.17.jar)
WARNING: If a serviceability tool is in use, please run with -XX:+EnableDynamicAgentLoading to hide this warning
WARNING: If a serviceability tool is not in use, please run with -Djdk.instrument.traceUsage for more information
WARNING: Dynamic loading of agents will be disallowed by default in a future release
]]></system-err>
  </testcase>
</testsuite>